<?xml version="1.0" encoding="UTF-8"?>
<!-- Generated by org.testng.reporters.JUnitReportReporter -->
<testsuite skipped="0" hostname="ASHISH" name="july15.TestNgBasics" tests="2" failures="0" timestamp="17 Jul 2020 09:06:58 GMT" time="0.020" errors="0">
  <testcase name="search" time="0.004" classname="july15.TestNgBasics"/>
  <testcase name="googleTitleTest" time="0.016" classname="july15.TestNgBasics"/>
</testsuite> <!-- july15.TestNgBasics -->
