<?xml version="1.0" encoding="UTF-8"?>
<!-- Generated by org.testng.reporters.JUnitReportReporter -->
<testsuite skipped="0" hostname="ASHISH" name="june18.FlightBooking" tests="7" failures="0" timestamp="20 Jul 2020 05:04:13 GMT" time="48.168" errors="0">
  <testcase name="Trip" time="4.365" classname="june18.FlightBooking"/>
  <testcase name="from" time="5.752" classname="june18.FlightBooking"/>
  <testcase name="To" time="5.477" classname="june18.FlightBooking"/>
  <testcase name="date" time="3.358" classname="june18.FlightBooking"/>
  <testcase name="Travelleor" time="2.701" classname="june18.FlightBooking"/>
  <testcase name="search" time="5.502" classname="june18.FlightBooking"/>
  <testcase name="Filters" time="21.013" classname="june18.FlightBooking"/>
</testsuite> <!-- june18.FlightBooking -->
