<?xml version="1.0" encoding="UTF-8"?>
<!-- Generated by org.testng.reporters.JUnitReportReporter -->
<testsuite skipped="0" hostname="ASHISH" name="Aug27.ValidateDropdowns" tests="1" failures="0" timestamp="27 Aug 2020 18:00:08 GMT" time="0.937" errors="0">
  <testcase name="f" time="0.937" classname="Aug27.ValidateDropdowns"/>
</testsuite> <!-- Aug27.ValidateDropdowns -->
