<?xml version="1.0" encoding="UTF-8"?>
<!-- Generated by org.testng.reporters.JUnitReportReporter -->
<testsuite skipped="0" hostname="ASHISH" name="july15.ExpectedExceptionTest" tests="1" failures="0" timestamp="17 Jul 2020 09:06:58 GMT" time="0.002" errors="0">
  <testcase name="test1" time="0.002" classname="july15.ExpectedExceptionTest"/>
</testsuite> <!-- july15.ExpectedExceptionTest -->
