<?xml version="1.0" encoding="UTF-8"?>
<!-- Generated by org.testng.reporters.JUnitReportReporter -->
<testsuite skipped="0" hostname="ASHISH" name="july15.InvocationCountTest" tests="10" failures="0" timestamp="17 Jul 2020 09:06:58 GMT" time="0.026" errors="0">
  <testcase name="sum" time="0.001" classname="july15.InvocationCountTest"/>
  <testcase name="sum" time="0.003" classname="july15.InvocationCountTest"/>
  <testcase name="sum" time="0.002" classname="july15.InvocationCountTest"/>
  <testcase name="sum" time="0.012" classname="july15.InvocationCountTest"/>
  <testcase name="sum" time="0.001" classname="july15.InvocationCountTest"/>
  <testcase name="sum" time="0.000" classname="july15.InvocationCountTest"/>
  <testcase name="sum" time="0.004" classname="july15.InvocationCountTest"/>
  <testcase name="sum" time="0.002" classname="july15.InvocationCountTest"/>
  <testcase name="sum" time="0.000" classname="july15.InvocationCountTest"/>
  <testcase name="sum" time="0.001" classname="july15.InvocationCountTest"/>
</testsuite> <!-- july15.InvocationCountTest -->
