<?xml version="1.0" encoding="UTF-8"?>
<!-- Generated by org.testng.reporters.JUnitReportReporter -->
<testsuite skipped="0" hostname="ASHISH" name="june18.ParameterTest" tests="1" failures="0" timestamp="19 Jul 2020 05:13:42 GMT" time="21.185" errors="0">
  <testcase name="yahooLoginTest" time="21.185" classname="june18.ParameterTest"/>
</testsuite> <!-- june18.ParameterTest -->
