<?xml version="1.0" encoding="UTF-8"?>
<!-- Generated by org.testng.reporters.JUnitReportReporter -->
<testsuite skipped="0" hostname="ASHISH" name="Aug29.Selenium" tests="1" failures="0" timestamp="31 Aug 2020 12:04:12 GMT" time="0.008" errors="0">
  <testcase name="insert" time="0.008" classname="Aug29.Selenium"/>
</testsuite> <!-- Aug29.Selenium -->
