<?xml version="1.0" encoding="UTF-8"?>
<!-- Generated by org.testng.reporters.JUnitReportReporter -->
<testsuite skipped="0" hostname="ASHISH" name="Aug29.Selenium" tests="1" failures="0" timestamp="29 Aug 2020 11:17:33 GMT" time="38.999" errors="0">
  <testcase name="select" time="38.999" classname="Aug29.Selenium"/>
</testsuite> <!-- Aug29.Selenium -->
